[2018-05-27 12:53:14] START
[2018-05-27 18:32:11] EDIT pews/views/default/user.html: 0
[2018-05-27 18:33:24] EDIT pews/views/default/user.html: -7
[2018-05-27 18:33:37] EDIT pews/views/default/user.html: 2
[2018-05-27 18:34:41] EDIT pews/views/default/user.html: 6
[2018-05-27 18:35:25] EDIT pews/views/default/user.html: 3
[2018-05-27 18:36:48] EDIT pews/views/default/user.html: 3
[2018-05-27 18:36:51] EDIT pews/views/default/user.html: 0
[2018-05-27 18:37:58] EDIT pews/views/default/user.html: 0
[2018-05-27 18:39:38] EDIT pews/views/layout.html: 0
[2018-05-27 18:39:43] EDIT pews/views/layout.html: 0
[2018-05-27 18:46:49] EDIT pews/views/layout.html: 0
[2018-05-27 18:47:19] EDIT pews/views/layout.html: 0
[2018-05-31 15:00:28] EDIT pews/models/db.py: 4
[2018-05-31 15:18:34] EDIT pews/models/db.py: 1
[2018-05-31 15:19:03] CREATE quicknotes.py: 0
[2018-05-31 15:20:31] EDIT pews/controllers/quicknotes.py: 2
[2018-05-31 15:21:34] CREATE quickNotes.html: 0
[2018-05-31 15:21:45] EDIT pews/controllers/quicknotes.py: -3
[2018-05-31 15:22:08] EDIT pews/controllers/default.py: 3
[2018-05-31 15:22:38] DELETE pews/views/quickNotes.html: -3
[2018-05-31 15:22:56] CREATE default/quickNotes.html: 0
[2018-05-31 15:25:27] EDIT pews/models/db.py: 0
[2018-05-31 15:26:37] EDIT pews/views/default/quickNotes.html: 0
[2018-05-31 15:26:56] EDIT pews/controllers/default.py: 0
[2018-05-31 15:29:11] EDIT pews/controllers/default.py: 0
[2018-05-31 15:31:47] DELETE pews/controllers/quicknotes.py: 0
[2018-05-31 15:32:18] EDIT pews/controllers/default.py: 0
[2018-05-31 15:33:21] EDIT pews/models/db.py: 0
[2018-05-31 15:34:56] EDIT pews/models/db.py: 0
[2018-05-31 15:36:06] EDIT pews/models/db.py: 0
[2018-05-31 15:37:28] EDIT pews/models/db.py: 0
[2018-05-31 15:38:30] EDIT pews/models/db.py: 0
[2018-05-31 15:41:29] EDIT pews/models/db.py: 0
[2018-05-31 15:42:21] EDIT pews/models/db.py: 0
[2018-05-31 15:44:52] EDIT pews/models/db.py: 0
[2018-05-31 15:45:39] EDIT pews/models/db.py: 0
[2018-05-31 15:48:16] EDIT pews/models/db.py: 0
[2018-05-31 15:48:54] EDIT pews/models/db.py: 0
[2018-05-31 15:50:46] EDIT pews/models/db.py: 2
[2018-05-31 15:54:20] EDIT pews/models/db.py: 0
[2018-05-31 16:13:51] EDIT pews/models/db.py: 10
[2018-05-31 16:14:18] EDIT pews/models/db.py: 0
[2018-05-31 16:14:59] EDIT pews/models/db.py: 0
[2018-05-31 16:15:29] EDIT pews/models/db.py: 0
[2018-05-31 16:15:55] EDIT pews/models/db.py: 1
[2018-05-31 16:16:46] EDIT pews/models/db.py: 0
[2018-05-31 16:21:21] EDIT pews/models/db.py: 0
[2018-05-31 16:21:59] EDIT pews/models/db.py: 0
[2018-05-31 16:22:19] EDIT pews/models/db.py: 0
[2018-05-31 16:22:33] EDIT pews/models/db.py: 0
[2018-05-31 16:22:58] EDIT pews/models/db.py: 1
[2018-05-31 16:23:13] EDIT pews/models/db.py: -1
[2018-05-31 16:56:28] EDIT pews/models/db.py: 8
[2018-05-31 17:11:03] EDIT pews/models/db.py: 11
[2018-05-31 17:15:22] EDIT pews/models/db.py: 1
[2018-05-31 17:19:20] EDIT pews/models/db.py: 24
[2018-06-02 00:51:37] EDIT pews/models/db.py: 17
[2018-06-02 00:53:18] EDIT pews/controllers/default.py: 3
[2018-06-02 00:54:28] CREATE default/jobs.html: 0
[2018-06-02 00:55:01] EDIT pews/views/default/jobs.html: 0
[2018-06-02 00:55:56] EDIT pews/models/db.py: 0
[2018-06-02 00:58:16] EDIT pews/models/db.py: 1
[2018-06-02 01:32:31] EDIT pews/models/db.py: 16
[2018-06-02 01:35:28] EDIT pews/models/db.py: 0
[2018-06-02 01:36:57] EDIT pews/models/db.py: -2
[2018-06-02 01:37:34] EDIT pews/models/db.py: 0
[2018-06-02 01:38:35] EDIT pews/models/db.py: -1
[2018-06-02 01:38:39] EDIT pews/models/db.py: 0
[2018-06-02 01:39:40] EDIT pews/models/db.py: 1
[2018-06-02 02:00:57] EDIT pews/models/db.py: 1
[2018-06-02 02:02:04] EDIT pews/models/db.py: -1
[2018-06-02 02:02:12] EDIT pews/models/db.py: 0
[2018-06-02 02:02:19] EDIT pews/models/db.py: 0
[2018-06-02 02:18:21] EDIT pews/models/db.py: 2
[2018-06-02 02:19:22] EDIT pews/models/db.py: 0
[2018-06-02 02:21:07] EDIT pews/models/db.py: 0
[2018-06-02 02:22:53] EDIT pews/models/db.py: 0
[2018-06-02 02:24:04] EDIT pews/models/db.py: 0
[2018-06-02 02:38:29] EDIT pews/models/db.py: 0
[2018-06-02 03:09:53] EDIT pews/models/db.py: 0
[2018-06-02 03:10:00] EDIT pews/models/db.py: 0
[2018-06-02 03:14:51] EDIT pews/models/db.py: 0
[2018-06-02 03:15:35] EDIT pews/models/db.py: -1
[2018-06-02 20:23:20] EDIT pews/models/db.py: 0
[2018-06-02 20:23:44] EDIT pews/models/db.py: 0
[2018-06-04 15:35:21] EDIT pews/models/db.py: 0
[2018-06-04 15:45:18] EDIT pews/models/db.py: 7
[2018-06-04 15:54:06] EDIT pews/models/db.py: 1
[2018-06-04 15:56:32] EDIT pews/models/db.py: 0
[2018-06-04 16:02:40] EDIT pews/models/db.py: -1
[2018-06-04 16:08:01] EDIT pews/models/db.py: 0
[2018-06-04 16:26:32] EDIT pews/models/db.py: 1
[2018-06-07 00:41:32] EDIT pews/models/db.py: 0
[2018-06-19 00:29:32] EDIT pews/models/db.py: 2
[2018-06-19 00:36:40] EDIT pews/models/db.py: -1
[2018-06-19 00:38:53] EDIT pews/models/db.py: 1
[2018-06-19 00:44:18] EDIT pews/models/db.py: 4
[2018-06-19 00:45:06] EDIT pews/models/db.py: 0
[2018-06-19 00:45:36] EDIT pews/models/db.py: 0
[2018-06-22 18:18:13] EDIT pews/models/db.py: 47
[2018-06-22 18:19:56] EDIT pews/models/db.py: -4
[2018-06-22 18:20:03] EDIT pews/models/db.py: 0
[2018-06-24 00:13:59] EDIT pews/private/appconfig.ini: 0
[2018-06-24 00:17:35] EDIT pews/views/default/index.html: 3
[2018-06-24 00:18:16] EDIT pews/views/default/index.html: 0
[2018-06-24 00:19:01] EDIT pews/views/default/index.html: 0
[2018-06-24 00:19:37] EDIT pews/views/default/index.html: 0
[2018-06-24 09:25:14] EDIT pews/views/default/index.html: -2
[2018-06-24 09:47:03] EDIT pews/views/default/index.html: 7
[2018-06-24 09:49:38] EDIT pews/views/default/index.html: 24
[2018-06-24 09:51:22] EDIT pews/views/default/index.html: 0
[2018-06-24 09:52:02] EDIT pews/views/default/index.html: -7
[2018-06-24 09:55:37] EDIT pews/views/default/index.html: 2
[2018-06-26 01:29:34] EDIT pews/views/default/index.html: 1
[2018-06-26 01:30:22] EDIT pews/views/default/index.html: 6
[2018-06-26 01:30:25] EDIT pews/views/default/index.html: 0
[2018-06-26 01:31:42] EDIT pews/views/default/index.html: 0
[2018-06-26 02:40:58] EDIT pews/views/default/index.html: -1
[2018-06-26 02:42:47] EDIT pews/views/default/index.html: 0
[2018-06-26 02:47:20] EDIT pews/controllers/default.py: 5
[2018-06-26 02:47:45] EDIT pews/controllers/default.py: 0
[2018-06-26 02:48:00] CREATE mytextarea.html: 0
[2018-06-26 02:48:15] EDIT pews/views/mytextarea.html: 5
[2018-06-26 02:49:33] EDIT pews/controllers/default.py: 0
[2018-06-26 02:49:43] CREATE thetextarea.html: 0
[2018-06-26 02:50:14] EDIT pews/views/thetextarea.html: 5
[2018-06-26 02:50:45] EDIT pews/views/thetextarea.html: 0
[2018-06-26 02:50:46] EDIT pews/views/thetextarea.html: 0
[2018-06-26 02:53:37] EDIT pews/views/thetextarea.html: 0
[2018-06-26 02:54:28] EDIT pews/views/thetextarea.html: 1
[2018-06-26 02:54:30] EDIT pews/views/thetextarea.html: 0
[2018-06-26 02:54:50] EDIT pews/views/thetextarea.html: -1
[2018-06-26 02:54:55] EDIT pews/views/thetextarea.html: 0
[2018-06-26 02:55:17] EDIT pews/views/thetextarea.html: -1
[2018-06-26 02:56:26] EDIT pews/views/thetextarea.html: 0
[2018-06-26 02:56:31] EDIT pews/views/thetextarea.html: 0
[2018-06-26 03:00:18] EDIT pews/views/thetextarea.html: 2
[2018-06-26 03:00:27] EDIT pews/views/thetextarea.html: 0
[2018-06-26 03:00:50] EDIT pews/controllers/default.py: 0
[2018-06-26 08:43:28] EDIT pews/views/layout.html: 2
[2018-06-26 08:43:55] EDIT pews/views/layout.html: 4
[2018-06-26 08:46:14] EDIT pews/views/layout.html: 1
[2018-06-26 08:46:18] EDIT pews/views/layout.html: 0
[2018-06-26 08:46:30] EDIT pews/views/layout.html: 0
[2018-06-26 08:46:54] EDIT pews/views/layout.html: 2
[2018-06-26 08:46:56] EDIT pews/views/layout.html: 0
[2018-06-26 08:47:04] EDIT pews/views/layout.html: 1
[2018-06-26 08:47:06] EDIT pews/views/layout.html: 0
[2018-06-26 08:49:26] EDIT pews/views/layout.html: 1
[2018-06-26 08:49:28] EDIT pews/views/layout.html: 0
[2018-06-26 08:50:04] EDIT pews/views/default/index.html: 1
[2018-06-26 08:50:54] EDIT pews/views/layout.html: -1
[2018-06-26 08:51:07] EDIT pews/views/layout.html: 0
[2018-06-26 08:57:21] EDIT pews/views/layout.html: -2
[2018-06-26 08:58:27] EDIT pews/views/layout.html: 0
[2018-07-05 23:28:42] EDIT pews/views/default/index.html: 0
[2018-07-05 23:38:18] EDIT pews/controllers/default.py: -3
[2018-07-10 22:17:41] EDIT pews/views/default/index.html: 0
[2018-09-20 00:30:18] EDIT pews/views/default/index.html: 11
[2018-09-20 00:30:45] EDIT pews/views/default/index.html: 0
[2018-09-20 00:31:28] EDIT pews/views/default/index.html: 0
[2018-09-20 00:32:17] EDIT pews/views/default/index.html: 0
[2018-09-20 00:32:19] EDIT pews/views/default/index.html: 0
[2018-09-20 00:32:37] EDIT pews/views/default/index.html: -1
[2018-09-20 00:33:00] EDIT pews/views/default/index.html: -1
[2018-09-20 00:33:20] EDIT pews/views/default/index.html: -33
[2018-09-20 00:33:20] EDIT pews/views/default/index.html: 0
[2018-09-20 01:09:24] EDIT pews/views/default/index.html: -2
[2018-09-20 01:09:30] EDIT pews/views/default/index.html: 0
[2018-09-20 01:11:12] EDIT pews/views/default/index.html: 1
[2018-09-20 01:11:29] EDIT pews/views/default/index.html: 0
[2018-09-20 01:13:05] EDIT pews/views/default/index.html: 1
[2018-09-20 01:13:56] EDIT pews/views/default/index.html: -32
[2018-09-20 01:14:27] EDIT pews/views/default/index.html: 33
[2018-09-20 01:14:37] EDIT pews/views/default/index.html: -32
[2018-09-20 01:14:39] EDIT pews/views/default/index.html: 0
[2018-09-20 01:15:53] EDIT pews/views/default/index.html: 1
[2018-09-20 01:16:08] EDIT pews/views/default/index.html: 0
[2018-09-20 01:23:04] EDIT pews/controllers/default.py: 0
[2018-09-20 01:23:07] EDIT pews/controllers/default.py: 0
[2018-09-20 01:24:39] EDIT pews/controllers/default.py: 8
[2018-09-20 01:24:42] EDIT pews/controllers/default.py: 0
[2018-09-20 01:25:15] EDIT pews/views/default/index.html: 3
[2018-09-20 01:26:22] EDIT pews/controllers/default.py: -1
[2018-09-20 01:26:32] EDIT pews/controllers/default.py: 0
[2018-09-20 01:35:29] EDIT pews/controllers/default.py: -8
[2018-09-20 01:37:47] EDIT pews/views/default/index.html: 1
[2018-09-20 01:39:03] EDIT pews/views/default/index.html: 0
[2018-09-20 02:04:39] EDIT pews/views/layout.html: 0
[2018-09-20 02:04:48] EDIT pews/views/layout.html: 0
[2018-09-20 02:05:57] EDIT pews/views/layout.html: 0
[2018-09-20 02:06:51] EDIT pews/views/layout.html: 0
[2018-09-20 02:06:53] EDIT pews/views/layout.html: 0
[2018-09-20 02:10:22] DELETE pews/views/mytextarea.html: -8
[2018-09-20 02:10:28] DELETE pews/views/thetextarea.html: -9
[2018-09-20 02:14:28] EDIT pews/views/layout.html: 0
[2018-09-20 02:22:26] EDIT pews/views/layout.html: 0
[2018-09-20 02:23:00] EDIT pews/views/layout.html: 0
[2018-09-20 02:23:39] EDIT pews/views/layout.html: 0
[2018-09-20 02:25:19] EDIT pews/views/layout.html: 0
[2018-09-20 02:25:43] EDIT pews/views/layout.html: 0
[2018-09-20 02:25:48] EDIT pews/views/layout.html: 0
[2018-09-20 02:26:05] EDIT pews/views/layout.html: 0
[2018-09-20 02:28:00] EDIT pews/views/layout.html: 0
[2018-09-20 02:29:05] EDIT pews/views/layout.html: 0
[2018-09-20 02:29:59] EDIT pews/views/layout.html: 0
[2018-09-20 02:30:31] EDIT pews/views/layout.html: 0
[2018-12-10 23:32:03] EDIT pews/models/db.py: 6
[2018-12-10 23:35:42] EDIT pews/models/db.py: 2
[2018-12-10 23:35:51] EDIT pews/models/db.py: -1
[2018-12-10 23:36:36] EDIT pews/models/db.py: 0
[2018-12-10 23:37:17] EDIT pews/models/db.py: 0
[2018-12-10 23:38:26] EDIT pews/models/db.py: 0
[2018-12-10 23:38:48] EDIT pews/models/db.py: 1
[2018-12-10 23:39:15] EDIT pews/models/db.py: 0
[2018-12-10 23:39:32] EDIT pews/models/db.py: 1
[2018-12-10 23:39:40] EDIT pews/models/db.py: 0
[2018-12-10 23:39:40] EDIT pews/models/db.py: 0
[2018-12-10 23:39:58] EDIT pews/models/db.py: 0
[2018-12-10 23:41:46] EDIT pews/models/db.py: 0
[2018-12-10 23:41:49] EDIT pews/models/db.py: 0
[2018-12-10 23:42:41] EDIT pews/models/db.py: 0
[2018-12-10 23:42:46] EDIT pews/models/db.py: 0
[2018-12-10 23:50:20] EDIT pews/models/db.py: -8
[2018-12-10 23:50:27] EDIT pews/models/db.py: 0
[2018-12-10 23:54:32] EDIT pews/views/default/index.html: 0
[2018-12-10 23:56:01] EDIT pews/views/default/index.html: 1
[2018-12-10 23:56:36] EDIT pews/views/default/index.html: 1
[2018-12-10 23:56:53] EDIT pews/views/default/index.html: 0
[2018-12-10 23:56:57] EDIT pews/views/default/index.html: 0
[2018-12-11 00:03:03] EDIT pews/views/default/index.html: 1
